Release 14.7 - xst P.20131013 (nt64)
Copyright (c) 1995-2013 Xilinx, Inc.  All rights reserved.
--> Parameter TMPDIR set to xst/projnav.tmp


Total REAL time to Xst completion: 0.00 secs
Total CPU time to Xst completion: 0.23 secs
 
--> Parameter xsthdpdir set to xst


Total REAL time to Xst completion: 0.00 secs
Total CPU time to Xst completion: 0.23 secs
 
--> Reading design: smart_parking.prj

TABLE OF CONTENTS
  1) Synthesis Options Summary
  2) HDL Parsing
  3) HDL Elaboration
  4) HDL Synthesis
       4.1) HDL Synthesis Report
  5) Advanced HDL Synthesis
       5.1) Advanced HDL Synthesis Report
  6) Low Level Synthesis
  7) Partition Report
  8) Design Summary
       8.1) Primitive and Black Box Usage
       8.2) Device utilization summary
       8.3) Partition Resource Summary
       8.4) Timing Report
            8.4.1) Clock Information
            8.4.2) Asynchronous Control Signals Information
            8.4.3) Timing Summary
            8.4.4) Timing Details
            8.4.5) Cross Clock Domains Report


=========================================================================
*                      Synthesis Options Summary                        *
=========================================================================
---- Source Parameters
Input File Name                    : "smart_parking.prj"
Ignore Synthesis Constraint File   : NO

---- Target Parameters
Output File Name                   : "smart_parking"
Output Format                      : NGC
Target Device                      : xc7a100t-3-csg324

---- Source Options
Top Module Name                    : smart_parking
Automatic FSM Extraction           : YES
FSM Encoding Algorithm             : Auto
Safe Implementation                : No
FSM Style                          : LUT
RAM Extraction                     : Yes
RAM Style                          : Auto
ROM Extraction                     : Yes
Shift Register Extraction          : YES
ROM Style                          : Auto
Resource Sharing                   : YES
Asynchronous To Synchronous        : NO
Shift Register Minimum Size        : 2
Use DSP Block                      : Auto
Automatic Register Balancing       : No

---- Target Options
LUT Combining                      : Auto
Reduce Control Sets                : Auto
Add IO Buffers                     : YES
Global Maximum Fanout              : 100000
Add Generic Clock Buffer(BUFG)     : 32
Register Duplication               : YES
Optimize Instantiated Primitives   : NO
Use Clock Enable                   : Auto
Use Synchronous Set                : Auto
Use Synchronous Reset              : Auto
Pack IO Registers into IOBs        : Auto
Equivalent register Removal        : YES

---- General Options
Optimization Goal                  : Speed
Optimization Effort                : 1
Power Reduction                    : NO
Keep Hierarchy                     : No
Netlist Hierarchy                  : As_Optimized
RTL Output                         : Yes
Global Optimization                : AllClockNets
Read Cores                         : YES
Write Timing Constraints           : NO
Cross Clock Analysis               : NO
Hierarchy Separator                : /
Bus Delimiter                      : <>
Case Specifier                     : Maintain
Slice Utilization Ratio            : 100
BRAM Utilization Ratio             : 100
DSP48 Utilization Ratio            : 100
Auto BRAM Packing                  : NO
Slice Utilization Ratio Delta      : 5

=========================================================================


=========================================================================
*                          HDL Parsing                                  *
=========================================================================
Analyzing Verilog file "C:\Users\Asus\Downloads\New folder (6)\module_6\module_6\park_space_number.v" into library work
Parsing module <park_space_number>.
Analyzing Verilog file "C:\Users\Asus\Downloads\New folder (6)\module_6\module_6\full_adder_onebit.v" into library work
Parsing module <full_adder_onebit>.
Analyzing Verilog file "C:\Users\Asus\Downloads\New folder (6)\module_6\module_6\exit_parking_lot.v" into library work
Parsing module <exit_parking_lot>.
Analyzing Verilog file "C:\Users\Asus\Downloads\New folder (6)\module_6\module_6\entry_checker.v" into library work
Parsing module <entry_checker>.
Analyzing Verilog file "C:\Users\Asus\Downloads\New folder (6)\module_6\module_6\decrypt.v" into library work
Parsing module <decrypt>.
Analyzing Verilog file "C:\Users\Asus\Downloads\New folder (6)\module_6\module_6\update_capacity.v" into library work
Parsing module <update_capacity>.
Analyzing Verilog file "C:\Users\Asus\Downloads\New folder (6)\module_6\module_6\token_production.v" into library work
Parsing module <token_production>.
Analyzing Verilog file "C:\Users\Asus\Downloads\New folder (6)\module_6\module_6\time_calculate.v" into library work
Parsing module <time_calculate>.
Analyzing Verilog file "C:\Users\Asus\Downloads\New folder (6)\module_6\module_6\exit_park.v" into library work
Parsing module <exit_park>.
Analyzing Verilog file "C:\Users\Asus\Downloads\New folder (6)\module_6\module_6\entry_park.v" into library work
Parsing module <entry_park>.
Analyzing Verilog file "C:\Users\Asus\Downloads\New folder (6)\module_6\module_6\calculate_new_capacity.v" into library work
Parsing module <calculate_new_capacity>.
Analyzing Verilog file "C:\Users\Asus\Downloads\New folder (6)\module_6\module_6\smart_parking.v" into library work
Parsing module <smart_parking>.

=========================================================================
*                            HDL Elaboration                            *
=========================================================================
WARNING:HDLCompiler:1016 - "C:\Users\Asus\Downloads\New folder (6)\module_6\module_6\smart_parking.v" Line 41: Port cap is not connected to this instance

Elaborating module <smart_parking>.

Elaborating module <entry_park>.

Elaborating module <entry_checker>.

Elaborating module <park_space_number>.

Elaborating module <token_production>.

Elaborating module <exit_park>.

Elaborating module <decrypt>.

Elaborating module <exit_parking_lot>.

Elaborating module <update_capacity>.

Elaborating module <calculate_new_capacity>.

Elaborating module <time_calculate>.

Elaborating module <full_adder_onebit>.

=========================================================================
*                           HDL Synthesis                               *
=========================================================================

Synthesizing Unit <smart_parking>.
    Related source file is "C:\Users\Asus\Downloads\New folder (6)\module_6\module_6\smart_parking.v".
INFO:Xst:3210 - "C:\Users\Asus\Downloads\New folder (6)\module_6\module_6\smart_parking.v" line 41: Output port <cap> of the instance <UCapacity> is unconnected or connected to loadless signal.
    Summary:
	no macro.
Unit <smart_parking> synthesized.

Synthesizing Unit <entry_park>.
    Related source file is "C:\Users\Asus\Downloads\New folder (6)\module_6\module_6\entry_park.v".
    Summary:
	no macro.
Unit <entry_park> synthesized.

Synthesizing Unit <entry_checker>.
    Related source file is "C:\Users\Asus\Downloads\New folder (6)\module_6\module_6\entry_checker.v".
    Summary:
	no macro.
Unit <entry_checker> synthesized.

Synthesizing Unit <park_space_number>.
    Related source file is "C:\Users\Asus\Downloads\New folder (6)\module_6\module_6\park_space_number.v".
WARNING:Xst:737 - Found 1-bit latch for signal <park_number<1>>. Latches may be generated from incomplete case or if statements. We do not recommend the use of latches in FPGA/CPLD designs, as they may lead to timing problems.
WARNING:Xst:737 - Found 1-bit latch for signal <park_number<0>>. Latches may be generated from incomplete case or if statements. We do not recommend the use of latches in FPGA/CPLD designs, as they may lead to timing problems.
WARNING:Xst:737 - Found 1-bit latch for signal <park_number<2>>. Latches may be generated from incomplete case or if statements. We do not recommend the use of latches in FPGA/CPLD designs, as they may lead to timing problems.
    Summary:
	inferred   3 Latch(s).
Unit <park_space_number> synthesized.

Synthesizing Unit <token_production>.
    Related source file is "C:\Users\Asus\Downloads\New folder (6)\module_6\module_6\token_production.v".
    Summary:
Unit <token_production> synthesized.

Synthesizing Unit <exit_park>.
    Related source file is "C:\Users\Asus\Downloads\New folder (6)\module_6\module_6\exit_park.v".
    Summary:
	no macro.
Unit <exit_park> synthesized.

Synthesizing Unit <decrypt>.
    Related source file is "C:\Users\Asus\Downloads\New folder (6)\module_6\module_6\decrypt.v".
    Summary:
Unit <decrypt> synthesized.

Synthesizing Unit <exit_parking_lot>.
    Related source file is "C:\Users\Asus\Downloads\New folder (6)\module_6\module_6\exit_parking_lot.v".
    Summary:
	no macro.
Unit <exit_parking_lot> synthesized.

Synthesizing Unit <update_capacity>.
    Related source file is "C:\Users\Asus\Downloads\New folder (6)\module_6\module_6\update_capacity.v".
    Found 8-bit subtractor for signal <parking_capacity_new> created at line 57.
WARNING:Xst:737 - Found 1-bit latch for signal <cap<7>>. Latches may be generated from incomplete case or if statements. We do not recommend the use of latches in FPGA/CPLD designs, as they may lead to timing problems.
WARNING:Xst:737 - Found 1-bit latch for signal <cap<6>>. Latches may be generated from incomplete case or if statements. We do not recommend the use of latches in FPGA/CPLD designs, as they may lead to timing problems.
WARNING:Xst:737 - Found 1-bit latch for signal <cap<5>>. Latches may be generated from incomplete case or if statements. We do not recommend the use of latches in FPGA/CPLD designs, as they may lead to timing problems.
WARNING:Xst:737 - Found 1-bit latch for signal <cap<4>>. Latches may be generated from incomplete case or if statements. We do not recommend the use of latches in FPGA/CPLD designs, as they may lead to timing problems.
WARNING:Xst:737 - Found 1-bit latch for signal <cap<3>>. Latches may be generated from incomplete case or if statements. We do not recommend the use of latches in FPGA/CPLD designs, as they may lead to timing problems.
WARNING:Xst:737 - Found 1-bit latch for signal <cap<2>>. Latches may be generated from incomplete case or if statements. We do not recommend the use of latches in FPGA/CPLD designs, as they may lead to timing problems.
WARNING:Xst:737 - Found 1-bit latch for signal <cap<1>>. Latches may be generated from incomplete case or if statements. We do not recommend the use of latches in FPGA/CPLD designs, as they may lead to timing problems.
WARNING:Xst:737 - Found 1-bit latch for signal <cap<0>>. Latches may be generated from incomplete case or if statements. We do not recommend the use of latches in FPGA/CPLD designs, as they may lead to timing problems.
    Summary:
	inferred   1 Adder/Subtractor(s).
	inferred   8 Latch(s).
	inferred  44 Multiplexer(s).
Unit <update_capacity> synthesized.

Synthesizing Unit <calculate_new_capacity>.
    Related source file is "C:\Users\Asus\Downloads\New folder (6)\module_6\module_6\calculate_new_capacity.v".
    Summary:
Unit <calculate_new_capacity> synthesized.

Synthesizing Unit <time_calculate>.
    Related source file is "C:\Users\Asus\Downloads\New folder (6)\module_6\module_6\time_calculate.v".
INFO:Xst:3210 - "C:\Users\Asus\Downloads\New folder (6)\module_6\module_6\time_calculate.v" line 38: Output port <Cout> of the instance <a8> is unconnected or connected to loadless signal.
    Summary:
	no macro.
Unit <time_calculate> synthesized.

Synthesizing Unit <full_adder_onebit>.
    Related source file is "C:\Users\Asus\Downloads\New folder (6)\module_6\module_6\full_adder_onebit.v".
    Summary:
Unit <full_adder_onebit> synthesized.

=========================================================================
HDL Synthesis Report

Macro Statistics
# Adders/Subtractors                                   : 1
 8-bit subtractor                                      : 1
# Latches                                              : 11
 1-bit latch                                           : 11
# Multiplexers                                         : 44
 1-bit 2-to-1 multiplexer                              : 35
 8-bit 2-to-1 multiplexer                              : 9
# Xors                                                 : 36
 1-bit xor2                                            : 35
 3-bit xor2                                            : 1

=========================================================================

=========================================================================
*                       Advanced HDL Synthesis                          *
=========================================================================


=========================================================================
Advanced HDL Synthesis Report

Macro Statistics
# Adders/Subtractors                                   : 1
 8-bit subtractor                                      : 1
# Multiplexers                                         : 44
 1-bit 2-to-1 multiplexer                              : 35
 8-bit 2-to-1 multiplexer                              : 9
# Xors                                                 : 36
 1-bit xor2                                            : 35
 3-bit xor2                                            : 1

=========================================================================

=========================================================================
*                         Low Level Synthesis                           *
=========================================================================
WARNING:Xst:3001 - This design contains one or more registers or latches with an active
   asynchronous set and asynchronous reset. While this circuit can be built,
   it creates a sub-optimal implementation in terms of area, power and
   performance. For a more optimal implementation Xilinx highly recommends
   one of the following:

          1) Remove either the set or reset from all registers and latches if
             not needed for required functionality
          2) Modify the code in order to produce a synchronous set
             and/or reset (both is preferred)
          3) Use the -async_to_sync option to transform the asynchronous
             set/reset to synchronous operation
             (timing simulation highly recommended when using this option)

  Please refer to http://www.xilinx.com search string "Artix7 asynchronous set/reset" for more details.

  List of register instances with asynchronous set and reset:
    UCapacity/cap_5 in unit <smart_parking>
    UCapacity/cap_6 in unit <smart_parking>
    UCapacity/cap_2 in unit <smart_parking>
    UCapacity/cap_4 in unit <smart_parking>
    UCapacity/cap_3 in unit <smart_parking>
    UCapacity/cap_7 in unit <smart_parking>
    UCapacity/cap_1 in unit <smart_parking>
    UCapacity/cap_0 in unit <smart_parking>


Optimizing unit <smart_parking> ...

Optimizing unit <park_space_number> ...

Optimizing unit <time_calculate> ...

Mapping all equations...
Building and optimizing final netlist ...
Found area constraint ratio of 100 (+ 5) on block smart_parking, actual ratio is 0.

Final Macro Processing ...

=========================================================================
Final Register Report

Found no macro
=========================================================================

=========================================================================
*                           Partition Report                            *
=========================================================================

Partition Implementation Status
-------------------------------

  No Partitions were found in this design.

-------------------------------

=========================================================================
*                            Design Summary                             *
=========================================================================

Top Level Output File Name         : smart_parking.ngc

Primitive and Black Box Usage:
------------------------------
# BELS                             : 54
#      LUT2                        : 4
#      LUT3                        : 6
#      LUT4                        : 13
#      LUT5                        : 6
#      LUT6                        : 9
#      MUXCY                       : 7
#      VCC                         : 1
#      XORCY                       : 8
# FlipFlops/Latches                : 3
#      LDE                         : 3
# IO Buffers                       : 41
#      IBUF                        : 25
#      OBUF                        : 16

Device utilization summary:
---------------------------

Selected Device : 7a100tcsg324-3 


Slice Logic Utilization: 
 Number of Slice Registers:               3  out of  126800     0%  
 Number of Slice LUTs:                   38  out of  63400     0%  
    Number used as Logic:                38  out of  63400     0%  

Slice Logic Distribution: 
 Number of LUT Flip Flop pairs used:     38
   Number with an unused Flip Flop:      35  out of     38    92%  
   Number with an unused LUT:             0  out of     38     0%  
   Number of fully used LUT-FF pairs:     3  out of     38     7%  
   Number of unique control sets:         1

IO Utilization: 
 Number of IOs:                          53
 Number of bonded IOBs:                  41  out of    210    19%  

Specific Feature Utilization:

---------------------------
Partition Resource Summary:
---------------------------

  No Partitions were found in this design.

---------------------------


=========================================================================
Timing Report

NOTE: THESE TIMING NUMBERS ARE ONLY A SYNTHESIS ESTIMATE.
      FOR ACCURATE TIMING INFORMATION PLEASE REFER TO THE TRACE REPORT
      GENERATED AFTER PLACE-and-ROUTE.

Clock Information:
------------------
------------------------------------+--------------------------------------+-------+
Clock Signal                        | Clock buffer(FF name)                | Load  |
------------------------------------+--------------------------------------+-------+
EntryPark/enable(EntryPark/enable:O)| NONE(*)(EntryPark/park/park_number_0)| 3     |
------------------------------------+--------------------------------------+-------+
(*) This 1 clock signal(s) are generated by combinatorial logic,
and XST is not able to identify which are the primary clock signals.
Please use the CLOCK_SIGNAL constraint to specify the clock signal(s) generated by combinatorial logic.
INFO:Xst:2169 - HDL ADVISOR - Some clock signals were not automatically buffered by XST with BUFG/BUFR resources. Please use the buffer_type constraint in order to insert these buffers to the clock signals to help prevent skew problems.

Asynchronous Control Signals Information:
----------------------------------------
No asynchronous control signals found in this design

Timing Summary:
---------------
Speed Grade: -3

   Minimum period: No path found
   Minimum input arrival time before clock: 1.414ns
   Maximum output required time after clock: 1.392ns
   Maximum combinational path delay: 3.260ns

Timing Details:
---------------
All values displayed in nanoseconds (ns)

=========================================================================
Timing constraint: Default OFFSET IN BEFORE for Clock 'EntryPark/enable'
  Total number of paths / destination ports: 41 / 6
-------------------------------------------------------------------------
Offset:              1.414ns (Levels of Logic = 3)
  Source:            parking_capacity<2> (PAD)
  Destination:       EntryPark/park/park_number_0 (LATCH)
  Destination Clock: EntryPark/enable falling

  Data Path: parking_capacity<2> to EntryPark/park/park_number_0
                                Gate     Net
    Cell:in->out      fanout   Delay   Delay  Logical Name (Net Name)
    ----------------------------------------  ------------
     IBUF:I->O             7   0.001   0.539  parking_capacity_2_IBUF (parking_capacity_2_IBUF)
     LUT3:I0->O            1   0.097   0.295  EntryPark/park/out_SW0 (N6)
     LUT6:I5->O            3   0.097   0.289  EntryPark/park/out (EntryPark/park/_n0022)
     LDE:GE                    0.095          EntryPark/park/park_number_2
    ----------------------------------------
    Total                      1.414ns (0.290ns logic, 1.124ns route)
                                       (20.5% logic, 79.5% route)

=========================================================================
Timing constraint: Default OFFSET OUT AFTER for Clock 'EntryPark/enable'
  Total number of paths / destination ports: 24 / 8
-------------------------------------------------------------------------
Offset:              1.392ns (Levels of Logic = 2)
  Source:            EntryPark/park/park_number_0 (LATCH)
  Destination:       new_capacity<7> (PAD)
  Source Clock:      EntryPark/enable falling

  Data Path: EntryPark/park/park_number_0 to new_capacity<7>
                                Gate     Net
    Cell:in->out      fanout   Delay   Delay  Logical Name (Net Name)
    ----------------------------------------  ------------
     LDE:G->Q              8   0.472   0.543  EntryPark/park/park_number_0 (EntryPark/park/park_number_0)
     LUT4:I1->O            1   0.097   0.279  new_capacity<6>1 (new_capacity_6_OBUF)
     OBUF:I->O                 0.000          new_capacity_6_OBUF (new_capacity<6>)
    ----------------------------------------
    Total                      1.392ns (0.569ns logic, 0.823ns route)
                                       (40.9% logic, 59.1% route)

=========================================================================
Timing constraint: Default path analysis
  Total number of paths / destination ports: 348 / 16
-------------------------------------------------------------------------
Delay:               3.260ns (Levels of Logic = 14)
  Source:            parking_capacity<2> (PAD)
  Destination:       new_capacity<7> (PAD)

  Data Path: parking_capacity<2> to new_capacity<7>
                                Gate     Net
    Cell:in->out      fanout   Delay   Delay  Logical Name (Net Name)
    ----------------------------------------  ------------
     IBUF:I->O             7   0.001   0.584  parking_capacity_2_IBUF (parking_capacity_2_IBUF)
     LUT4:I0->O            1   0.097   0.295  UCapacity/GND_12_o_cap[7]_mux_16_OUT<0>_SW0 (N2)
     LUT6:I5->O            1   0.097   0.295  UCapacity/GND_12_o_cap[7]_mux_16_OUT<0> (UCapacity/GND_12_o_cap[7]_mux_16_OUT<0>)
     LUT2:I1->O            1   0.097   0.000  UCapacity/Msub_parking_capacity_new_lut<0> (UCapacity/Msub_parking_capacity_new_lut<0>)
     MUXCY:S->O            1   0.353   0.000  UCapacity/Msub_parking_capacity_new_cy<0> (UCapacity/Msub_parking_capacity_new_cy<0>)
     MUXCY:CI->O           1   0.023   0.000  UCapacity/Msub_parking_capacity_new_cy<1> (UCapacity/Msub_parking_capacity_new_cy<1>)
     MUXCY:CI->O           1   0.023   0.000  UCapacity/Msub_parking_capacity_new_cy<2> (UCapacity/Msub_parking_capacity_new_cy<2>)
     MUXCY:CI->O           1   0.023   0.000  UCapacity/Msub_parking_capacity_new_cy<3> (UCapacity/Msub_parking_capacity_new_cy<3>)
     MUXCY:CI->O           1   0.023   0.000  UCapacity/Msub_parking_capacity_new_cy<4> (UCapacity/Msub_parking_capacity_new_cy<4>)
     MUXCY:CI->O           1   0.023   0.000  UCapacity/Msub_parking_capacity_new_cy<5> (UCapacity/Msub_parking_capacity_new_cy<5>)
     MUXCY:CI->O           0   0.023   0.000  UCapacity/Msub_parking_capacity_new_cy<6> (UCapacity/Msub_parking_capacity_new_cy<6>)
     XORCY:CI->O           1   0.370   0.556  UCapacity/Msub_parking_capacity_new_xor<7> (parking_capacity_new<7>)
     LUT4:I0->O            1   0.097   0.279  new_capacity<7>1 (new_capacity_7_OBUF)
     OBUF:I->O                 0.000          new_capacity_7_OBUF (new_capacity<7>)
    ----------------------------------------
    Total                      3.260ns (1.250ns logic, 2.010ns route)
                                       (38.3% logic, 61.7% route)

=========================================================================

Cross Clock Domains Report:
--------------------------

=========================================================================


Total REAL time to Xst completion: 13.00 secs
Total CPU time to Xst completion: 13.20 secs
 
--> 

Total memory usage is 4616808 kilobytes

Number of errors   :    0 (   0 filtered)
Number of warnings :   13 (   0 filtered)
Number of infos    :    3 (   0 filtered)

